app/build/outputs/logs/manifest-merger-debug-report.txt
-- Merging decision tree log ---
manifest
ADDED from src/main/AndroidManifest.xml:2:1-163:12
	package
		ADDED from src/main/AndroidManifest.xml:4:5-34
		INJECTED from src/main/AndroidManifest.xml
		INJECTED from src/main/AndroidManifest.xml
	android:versionName
		ADDED from src/main/AndroidManifest.xml:6:5-30
		INJECTED from src/main/AndroidManifest.xml
		INJECTED from src/main/AndroidManifest.xml
	xmlns:tools
		ADDED from src/main/AndroidManifest.xml:3:5-51
	android:versionCode
		ADDED from src/main/AndroidManifest.xml:5:5-28
		INJECTED from src/main/AndroidManifest.xml
		INJECTED from src/main/AndroidManifest.xml
	xmlns:android
		ADDED from src/main/AndroidManifest.xml:2:11-69
uses-sdk
ADDED from src/main/AndroidManifest.xml:8:5-44
MERGED from [com.google.android.gms:play-services-measurement:8.3.0] AndroidManifest.xml:18:5-42
MERGED from [com.google.android.gms:play-services-basement:8.3.0] AndroidManifest.xml:18:5-42
MERGED from [com.android.support:support-v4:23.4.0] AndroidManifest.xml:20:5-43
MERGED from [com.android.support:percent:23.3.0] AndroidManifest.xml:20:5-43
MERGED from [com.android.support:design:23.3.0] AndroidManifest.xml:20:5-43
MERGED from [com.android.support:appcompat-v7:23.4.0] AndroidManifest.xml:21:5-23:78
MERGED from [com.android.support:animated-vector-drawable:23.4.0] AndroidManifest.xml:5:5-44
MERGED from [com.android.support:support-vector-drawable:23.4.0] AndroidManifest.xml:5:5-43
MERGED from [com.android.support:recyclerview-v7:23.3.0] AndroidManifest.xml:20:5-43
MERGED from [com.android.support:cardview-v7:23.3.0] AndroidManifest.xml:20:5-43
MERGED from [com.google.android.gms:play-services-auth:8.3.0] AndroidManifest.xml:18:5-43
MERGED from [com.google.android.gms:play-services-base:8.3.0] AndroidManifest.xml:18:5-42
MERGED from [com.google.android.gms:play-services-identity:8.3.0] AndroidManifest.xml:18:5-42
MERGED from [com.google.android.gms:play-services-plus:8.3.0] AndroidManifest.xml:18:5-42
MERGED from [com.google.android.gms:play-services-location:8.3.0] AndroidManifest.xml:18:5-42
MERGED from [com.google.android.gms:play-services-maps:8.3.0] AndroidManifest.xml:26:5-42
MERGED from [com.android.support:multidex:1.0.1] AndroidManifest.xml:18:5-42
MERGED from [com.github.markushi:circlebutton:1.1] AndroidManifest.xml:7:5-44
MERGED from [de.hdodenhof:circleimageview:2.1.0] AndroidManifest.xml:5:5-7:41
MERGED from [com.facebook.android:facebook-android-sdk:4.0.0] AndroidManifest.xml:24:5-26:41
MERGED from [com.github.zurche:plain-pie:v0.1.1] AndroidManifest.xml:7:5-9:41
MERGED from [com.ToxicBakery.viewpager.transforms:view-pager-transforms:1.2.32] AndroidManifest.xml:23:5-25:41
MERGED from [com.github.amlcurran.showcaseview:library:5.4.3] AndroidManifest.xml:22:5-24:41
MERGED from [com.github.beworker:fabuless:0d29e51478] AndroidManifest.xml:5:5-7:41
MERGED from [com.github.vajro:MaterialDesignLibrary:1.6] AndroidManifest.xml:7:5-9:41
MERGED from [com.loopeer.library:cardstack:1.0.1] AndroidManifest.xml:7:5-9:41
MERGED from [com.android.volley:volley:1.0.0] AndroidManifest.xml:7:5-43
MERGED from [fr.avianey.com.viewpagerindicator:library:2.4.1.1] AndroidManifest.xml:8:5-43
MERGED from [PreExam2:MathView-0.0.6:unspecified] AndroidManifest.xml:7:5-9:41
	tools:overrideLibrary
		ADDED from [com.android.support:appcompat-v7:23.4.0] AndroidManifest.xml:23:9-75
	android:targetSdkVersion
		INJECTED from src/main/AndroidManifest.xml
		INJECTED from src/main/AndroidManifest.xml
	android:minSdkVersion
		ADDED from src/main/AndroidManifest.xml:8:15-41
		INJECTED from src/main/AndroidManifest.xml
		INJECTED from src/main/AndroidManifest.xml
library
ADDED from src/main/AndroidManifest.xml:10:5-12:44
	android:label
		ADDED from src/main/AndroidManifest.xml:12:9-41
	android:name
		ADDED from src/main/AndroidManifest.xml:11:9-40
supports-screens
ADDED from src/main/AndroidManifest.xml:14:5-19:40
	android:largeScreens
		ADDED from src/main/AndroidManifest.xml:16:9-36
	android:smallScreens
		ADDED from src/main/AndroidManifest.xml:18:9-36
	android:normalScreens
		ADDED from src/main/AndroidManifest.xml:17:9-37
	android:xlargeScreens
		ADDED from src/main/AndroidManifest.xml:19:9-37
	android:anyDensity
		ADDED from src/main/AndroidManifest.xml:15:9-34
uses-permission#android.permission.INTERNET
ADDED from src/main/AndroidManifest.xml:21:5-67
MERGED from [com.google.android.gms:play-services-measurement:8.3.0] AndroidManifest.xml:21:5-67
MERGED from [com.google.android.gms:play-services-maps:8.3.0] AndroidManifest.xml:21:5-66
	android:name
		ADDED from src/main/AndroidManifest.xml:21:22-64
uses-permission#android.permission.INTERACT_ACROSS_USERS_FULL
ADDED from src/main/AndroidManifest.xml:22:5-85
	android:name
		ADDED from src/main/AndroidManifest.xml:22:22-82
uses-permission#android.permission.WRITE_EXTERNAL_STORAGE
ADDED from src/main/AndroidManifest.xml:23:5-81
	android:name
		ADDED from src/main/AndroidManifest.xml:23:22-78
uses-permission#android.permission.READ_EXTERNAL_STORAGE
ADDED from src/main/AndroidManifest.xml:24:5-80
	android:name
		ADDED from src/main/AndroidManifest.xml:24:22-77
uses-permission#android.permission.READ_INTERNAL_STORAGE
ADDED from src/main/AndroidManifest.xml:25:5-80
	android:name
		ADDED from src/main/AndroidManifest.xml:25:22-77
uses-permission#android.permission.ACCESS_NETWORK_STATE
ADDED from src/main/AndroidManifest.xml:26:5-79
MERGED from [com.google.android.gms:play-services-measurement:8.3.0] AndroidManifest.xml:22:5-79
MERGED from [com.google.android.gms:play-services-maps:8.3.0] AndroidManifest.xml:20:5-78
	android:name
		ADDED from src/main/AndroidManifest.xml:26:22-76
uses-permission#android.permission.READ_PHONE_STATE
ADDED from src/main/AndroidManifest.xml:27:5-75
	android:name
		ADDED from src/main/AndroidManifest.xml:27:22-72
uses-permission#android.permission.GET_ACCOUNTS
ADDED from src/main/AndroidManifest.xml:29:5-71
	android:name
		ADDED from src/main/AndroidManifest.xml:29:22-68
uses-permission#android.permission.USE_CREDENTIALS
ADDED from src/main/AndroidManifest.xml:31:5-74
	android:name
		ADDED from src/main/AndroidManifest.xml:31:22-71
application
ADDED from src/main/AndroidManifest.xml:33:5-161:19
MERGED from [com.google.android.gms:play-services-measurement:8.3.0] AndroidManifest.xml:26:5-46:19
MERGED from [com.google.android.gms:play-services-basement:8.3.0] AndroidManifest.xml:20:5-24:19
MERGED from [com.android.support:support-v4:23.4.0] AndroidManifest.xml:22:5-20
MERGED from [com.android.support:percent:23.3.0] AndroidManifest.xml:22:5-20
MERGED from [com.android.support:design:23.3.0] AndroidManifest.xml:22:5-20
MERGED from [com.android.support:appcompat-v7:23.4.0] AndroidManifest.xml:25:5-20
MERGED from [com.android.support:animated-vector-drawable:23.4.0] AndroidManifest.xml:7:5-20
MERGED from [com.android.support:support-vector-drawable:23.4.0] AndroidManifest.xml:7:5-20
MERGED from [com.android.support:cardview-v7:23.3.0] AndroidManifest.xml:22:5-20
MERGED from [com.google.android.gms:play-services-auth:8.3.0] AndroidManifest.xml:20:5-25:19
MERGED from [com.google.android.gms:play-services-identity:8.3.0] AndroidManifest.xml:19:5-20
MERGED from [com.google.android.gms:play-services-plus:8.3.0] AndroidManifest.xml:19:5-20
MERGED from [com.google.android.gms:play-services-location:8.3.0] AndroidManifest.xml:19:5-20
MERGED from [com.google.android.gms:play-services-maps:8.3.0] AndroidManifest.xml:27:5-20
MERGED from [com.github.markushi:circlebutton:1.1] AndroidManifest.xml:9:5-20
MERGED from [de.hdodenhof:circleimageview:2.1.0] AndroidManifest.xml:9:5-20
MERGED from [com.facebook.android:facebook-android-sdk:4.0.0] AndroidManifest.xml:28:5-20
MERGED from [com.github.zurche:plain-pie:v0.1.1] AndroidManifest.xml:11:5-15:38
MERGED from [com.github.beworker:fabuless:0d29e51478] AndroidManifest.xml:9:5-20
MERGED from [com.github.vajro:MaterialDesignLibrary:1.6] AndroidManifest.xml:11:5-14:19
MERGED from [com.loopeer.library:cardstack:1.0.1] AndroidManifest.xml:11:5-15:19
MERGED from [com.android.volley:volley:1.0.0] AndroidManifest.xml:9:5-20
MERGED from [PreExam2:MathView-0.0.6:unspecified] AndroidManifest.xml:11:5-14:19
	android:label
		ADDED from src/main/AndroidManifest.xml:36:9-41
	android:supportsRtl
		ADDED from src/main/AndroidManifest.xml:37:9-35
	android:hardwareAccelerated
		ADDED from [PreExam2:MathView-0.0.6:unspecified] AndroidManifest.xml:13:9-43
	android:allowBackup
		ADDED from src/main/AndroidManifest.xml:34:9-35
	android:icon
		ADDED from src/main/AndroidManifest.xml:35:9-38
		REJECTED from [com.github.zurche:plain-pie:v0.1.1] AndroidManifest.xml:13:9-43
	android:theme
		ADDED from src/main/AndroidManifest.xml:38:9-52
	tools:replace
		ADDED from src/main/AndroidManifest.xml:39:9-37
activity#com.spintum.preexam.Slide
ADDED from src/main/AndroidManifest.xml:40:9-48:20
	android:label
		ADDED from src/main/AndroidManifest.xml:42:13-45
	android:name
		ADDED from src/main/AndroidManifest.xml:41:13-34
activity#com.spintum.preexam.Greeting
ADDED from src/main/AndroidManifest.xml:49:9-53:20
	android:label
		ADDED from src/main/AndroidManifest.xml:51:13-36
	android:name
		ADDED from src/main/AndroidManifest.xml:50:13-37
activity#com.spintum.preexam.SignupActivity
ADDED from src/main/AndroidManifest.xml:55:9-51
	android:name
		ADDED from src/main/AndroidManifest.xml:55:19-49
activity#com.spintum.preexam.Home
ADDED from src/main/AndroidManifest.xml:56:9-58:73
	android:label
		ADDED from src/main/AndroidManifest.xml:58:13-61
	android:name
		ADDED from src/main/AndroidManifest.xml:57:13-33
activity#com.spintum.preexam.MainActivity
ADDED from src/main/AndroidManifest.xml:59:9-61:68
	android:label
		ADDED from src/main/AndroidManifest.xml:61:13-56
	android:name
		ADDED from src/main/AndroidManifest.xml:60:13-41
activity#com.spintum.preexam.Main2Activity
ADDED from src/main/AndroidManifest.xml:63:9-60
	android:name
		ADDED from src/main/AndroidManifest.xml:63:19-48
activity#com.spintum.preexam.Details
ADDED from src/main/AndroidManifest.xml:64:9-66:71
	android:label
		ADDED from src/main/AndroidManifest.xml:66:13-59
	android:name
		ADDED from src/main/AndroidManifest.xml:65:13-36
activity#com.spintum.preexam.CardViews
ADDED from src/main/AndroidManifest.xml:67:9-69:57
	android:label
		ADDED from src/main/AndroidManifest.xml:69:13-45
	android:name
		ADDED from src/main/AndroidManifest.xml:68:13-38
activity#com.spintum.preexam.Exam
ADDED from src/main/AndroidManifest.xml:70:9-72:68
	android:label
		ADDED from src/main/AndroidManifest.xml:72:13-56
	android:name
		ADDED from src/main/AndroidManifest.xml:71:13-33
activity#com.spintum.preexam.Testing_MathView
ADDED from src/main/AndroidManifest.xml:73:9-79:24
	android:name
		ADDED from src/main/AndroidManifest.xml:73:19-51
intent-filter#android.intent.action.MAIN+android.intent.category.LAUNCHER
ADDED from src/main/AndroidManifest.xml:74:13-78:29
action#android.intent.action.MAIN
ADDED from src/main/AndroidManifest.xml:75:17-69
	android:name
		ADDED from src/main/AndroidManifest.xml:75:25-66
category#android.intent.category.LAUNCHER
ADDED from src/main/AndroidManifest.xml:77:17-77
	android:name
		ADDED from src/main/AndroidManifest.xml:77:27-74
activity#com.spintum.preexam.Exam_cards
ADDED from src/main/AndroidManifest.xml:80:9-47
	android:name
		ADDED from src/main/AndroidManifest.xml:80:19-45
activity#com.spintum.preexam.Exam1
ADDED from src/main/AndroidManifest.xml:82:9-84:69
	android:label
		ADDED from src/main/AndroidManifest.xml:84:13-57
	android:name
		ADDED from src/main/AndroidManifest.xml:83:13-34
activity#com.spintum.preexam.Exam2
ADDED from src/main/AndroidManifest.xml:85:9-87:69
	android:label
		ADDED from src/main/AndroidManifest.xml:87:13-57
	android:name
		ADDED from src/main/AndroidManifest.xml:86:13-34
activity#com.spintum.preexam.Exam3
ADDED from src/main/AndroidManifest.xml:88:9-90:69
	android:label
		ADDED from src/main/AndroidManifest.xml:90:13-57
	android:name
		ADDED from src/main/AndroidManifest.xml:89:13-34
activity#com.spintum.preexam.Exam4
ADDED from src/main/AndroidManifest.xml:91:9-93:69
	android:label
		ADDED from src/main/AndroidManifest.xml:93:13-57
	android:name
		ADDED from src/main/AndroidManifest.xml:92:13-34
activity#com.spintum.preexam.Login
ADDED from src/main/AndroidManifest.xml:94:9-96:69
	android:label
		ADDED from src/main/AndroidManifest.xml:96:13-57
	android:name
		ADDED from src/main/AndroidManifest.xml:95:13-34
activity#com.spintum.preexam.PreviousQuestionPapers
ADDED from src/main/AndroidManifest.xml:97:9-99:88
	android:label
		ADDED from src/main/AndroidManifest.xml:99:13-76
	android:name
		ADDED from src/main/AndroidManifest.xml:98:13-51
activity#com.spintum.preexam.IQ
ADDED from src/main/AndroidManifest.xml:100:9-102:66
	android:label
		ADDED from src/main/AndroidManifest.xml:102:13-54
	android:name
		ADDED from src/main/AndroidManifest.xml:101:13-31
activity#com.spintum.preexam.ExamResult
ADDED from src/main/AndroidManifest.xml:103:9-105:75
	android:label
		ADDED from src/main/AndroidManifest.xml:105:13-63
	android:name
		ADDED from src/main/AndroidManifest.xml:104:13-39
activity#com.spintum.preexam.Analytics
ADDED from src/main/AndroidManifest.xml:106:9-108:73
	android:label
		ADDED from src/main/AndroidManifest.xml:108:13-61
	android:name
		ADDED from src/main/AndroidManifest.xml:107:13-38
activity#com.spintum.preexam.Instructions
ADDED from src/main/AndroidManifest.xml:109:9-111:76
	android:label
		ADDED from src/main/AndroidManifest.xml:111:13-64
	android:name
		ADDED from src/main/AndroidManifest.xml:110:13-41
activity#com.spintum.preexam.Instructions1
ADDED from src/main/AndroidManifest.xml:112:9-114:77
	android:label
		ADDED from src/main/AndroidManifest.xml:114:13-65
	android:name
		ADDED from src/main/AndroidManifest.xml:113:13-42
activity#com.spintum.preexam.Instructions2
ADDED from src/main/AndroidManifest.xml:115:9-117:77
	android:label
		ADDED from src/main/AndroidManifest.xml:117:13-65
	android:name
		ADDED from src/main/AndroidManifest.xml:116:13-42
activity#com.spintum.preexam.Instructions3
ADDED from src/main/AndroidManifest.xml:118:9-120:77
	android:label
		ADDED from src/main/AndroidManifest.xml:120:13-65
	android:name
		ADDED from src/main/AndroidManifest.xml:119:13-42
activity#com.spintum.preexam.Instructions4
ADDED from src/main/AndroidManifest.xml:121:9-123:77
	android:label
		ADDED from src/main/AndroidManifest.xml:123:13-65
	android:name
		ADDED from src/main/AndroidManifest.xml:122:13-42
activity#org.achartengine.GraphicalActivity
ADDED from src/main/AndroidManifest.xml:124:9-71
	android:name
		ADDED from src/main/AndroidManifest.xml:124:19-68
activity#com.spintum.preexam.WithFriends
ADDED from src/main/AndroidManifest.xml:125:9-127:76
	android:label
		ADDED from src/main/AndroidManifest.xml:127:13-64
	android:name
		ADDED from src/main/AndroidManifest.xml:126:13-40
activity#com.spintum.preexam.BySchool
ADDED from src/main/AndroidManifest.xml:128:9-130:73
	android:label
		ADDED from src/main/AndroidManifest.xml:130:13-61
	android:name
		ADDED from src/main/AndroidManifest.xml:129:13-37
activity#com.spintum.preexam.FindMore
ADDED from src/main/AndroidManifest.xml:131:9-133:73
	android:label
		ADDED from src/main/AndroidManifest.xml:133:13-61
	android:name
		ADDED from src/main/AndroidManifest.xml:132:13-37
activity#com.spintum.preexam.CustomerDetails
ADDED from src/main/AndroidManifest.xml:134:9-136:51
	android:label
		ADDED from src/main/AndroidManifest.xml:136:13-39
	android:name
		ADDED from src/main/AndroidManifest.xml:135:13-44
activity#com.spintum.preexam.ForgotPass
ADDED from src/main/AndroidManifest.xml:137:9-139:75
	android:label
		ADDED from src/main/AndroidManifest.xml:139:13-63
	android:name
		ADDED from src/main/AndroidManifest.xml:138:13-39
meta-data#com.google.android.gms.version
ADDED from src/main/AndroidManifest.xml:142:9-144:69
MERGED from [com.google.android.gms:play-services-basement:8.3.0] AndroidManifest.xml:21:9-23:69
	android:value
		ADDED from src/main/AndroidManifest.xml:144:13-66
	android:name
		ADDED from src/main/AndroidManifest.xml:143:13-58
meta-data#com.facebook.sdk.ApplicationId
ADDED from src/main/AndroidManifest.xml:145:9-147:55
	android:value
		ADDED from src/main/AndroidManifest.xml:147:13-52
	android:name
		ADDED from src/main/AndroidManifest.xml:146:13-58
activity#com.facebook.FacebookActivity
ADDED from src/main/AndroidManifest.xml:149:9-153:75
	android:label
		ADDED from src/main/AndroidManifest.xml:152:13-45
	android:configChanges
		ADDED from src/main/AndroidManifest.xml:151:13-96
	android:theme
		ADDED from src/main/AndroidManifest.xml:153:13-72
	android:name
		ADDED from src/main/AndroidManifest.xml:150:13-57
provider#com.facebook.FacebookContentProvider
ADDED from src/main/AndroidManifest.xml:155:9-158:39
	android:authorities
		ADDED from src/main/AndroidManifest.xml:157:13-79
	android:exported
		ADDED from src/main/AndroidManifest.xml:158:13-36
	android:name
		ADDED from src/main/AndroidManifest.xml:156:13-64
uses-permission#android.permission.WAKE_LOCK
ADDED from [com.google.android.gms:play-services-measurement:8.3.0] AndroidManifest.xml:24:5-67
	android:name
		ADDED from [com.google.android.gms:play-services-measurement:8.3.0] AndroidManifest.xml:24:22-65
provider#com.google.android.gms.measurement.AppMeasurementContentProvider
ADDED from [com.google.android.gms:play-services-measurement:8.3.0] AndroidManifest.xml:28:7-31:37
	android:authorities
		ADDED from [com.google.android.gms:play-services-measurement:8.3.0] AndroidManifest.xml:29:11-76
	android:exported
		ADDED from [com.google.android.gms:play-services-measurement:8.3.0] AndroidManifest.xml:31:11-35
	android:name
		ADDED from [com.google.android.gms:play-services-measurement:8.3.0] AndroidManifest.xml:30:11-90
receiver#com.google.android.gms.measurement.AppMeasurementReceiver
ADDED from [com.google.android.gms:play-services-measurement:8.3.0] AndroidManifest.xml:33:7-39:18
	android:enabled
		ADDED from [com.google.android.gms:play-services-measurement:8.3.0] AndroidManifest.xml:35:11-33
	android:name
		ADDED from [com.google.android.gms:play-services-measurement:8.3.0] AndroidManifest.xml:34:11-83
intent-filter#com.google.android.gms.measurement.UPLOAD
ADDED from [com.google.android.gms:play-services-measurement:8.3.0] AndroidManifest.xml:36:9-38:25
action#com.google.android.gms.measurement.UPLOAD
ADDED from [com.google.android.gms:play-services-measurement:8.3.0] AndroidManifest.xml:37:11-77
	android:name
		ADDED from [com.google.android.gms:play-services-measurement:8.3.0] AndroidManifest.xml:37:19-75
service#com.google.android.gms.measurement.AppMeasurementService
ADDED from [com.google.android.gms:play-services-measurement:8.3.0] AndroidManifest.xml:41:7-44:37
	android:enabled
		ADDED from [com.google.android.gms:play-services-measurement:8.3.0] AndroidManifest.xml:43:11-33
	android:exported
		ADDED from [com.google.android.gms:play-services-measurement:8.3.0] AndroidManifest.xml:44:11-35
	android:name
		ADDED from [com.google.android.gms:play-services-measurement:8.3.0] AndroidManifest.xml:42:11-82
activity#com.google.android.gms.auth.api.signin.internal.SignInHubActivity
ADDED from [com.google.android.gms:play-services-auth:8.3.0] AndroidManifest.xml:21:9-24:46
	android:excludeFromRecents
		ADDED from [com.google.android.gms:play-services-auth:8.3.0] AndroidManifest.xml:23:19-52
	android:exported
		ADDED from [com.google.android.gms:play-services-auth:8.3.0] AndroidManifest.xml:24:19-43
	android:theme
		ADDED from [com.google.android.gms:play-services-auth:8.3.0] AndroidManifest.xml:22:19-78
	android:name
		ADDED from [com.google.android.gms:play-services-auth:8.3.0] AndroidManifest.xml:21:19-72
uses-feature#0x00020000
ADDED from [com.google.android.gms:play-services-maps:8.3.0] AndroidManifest.xml:22:5-24:33
	android:glEsVersion
		ADDED from [com.google.android.gms:play-services-maps:8.3.0] AndroidManifest.xml:23:8-40
	android:required
		ADDED from [com.google.android.gms:play-services-maps:8.3.0] AndroidManifest.xml:24:8-31